生成启动时间为 2015/12/29 23:40:15。
     1>项目“C:\Users\applen\Desktop\Clock\Clock\Clock.vcxproj”在节点 2 上(build 个目标)。
     1>InitializeBuildStatus:
         正在创建“Debug\Clock.unsuccessfulbuild”，因为已指定“AlwaysCreate”。
       ClCompile:
         所有输出均为最新。
         c:\VC2010\VC\bin\CL.exe /c /ZI /nologo /W3 /WX- /Od /Oy- /D WIN32 /D _WINDOWS /D _DEBUG /D _UNICODE /D UNICODE /D _AFXDLL /Gm /EHsc /RTC1 /MDd /GS /fp:precise /Zc:wchar_t /Zc:forScope /Yu"StdAfx.h" /Fp"Debug\Clock.pch" /Fo"Debug\\" /Fd"Debug\vc100.pdb" /Gd /TP /analyze- /errorReport:prompt Clock.cpp ClockDlg.cpp
         ClockDlg.cpp
         正在生成代码...
         正在编译...
         Clock.cpp
         正在生成代码...
       ResourceCompile:
         c:\Program Files (x86)\Microsoft SDKs\Windows\v7.0A\bin\rc.exe /D _DEBUG /D _UNICODE /D UNICODE /D _AFXDLL /l"0x0804" /IDebug\ /nologo /fo"Debug\Clock.res" Clock.rc 
       ManifestResourceCompile:
         所有输出均为最新。
       Link:
         c:\VC2010\VC\bin\link.exe /ERRORREPORT:PROMPT /OUT:"C:\Users\applen\Desktop\Clock\Debug\Clock.exe" /INCREMENTAL /NOLOGO /MANIFEST /ManifestFile:"Debug\Clock.exe.intermediate.manifest" /MANIFESTUAC:"level='asInvoker' uiAccess='false'" /DEBUG /PDB:"C:\Users\applen\Desktop\Clock\Debug\Clock.pdb" /SUBSYSTEM:WINDOWS /TLBID:1 /ENTRY:"wWinMainCRTStartup" /DYNAMICBASE /NXCOMPAT /IMPLIB:"C:\Users\applen\Desktop\Clock\Debug\Clock.lib" /MACHINE:X86 Debug\Clock.res
         Debug\Clock.exe.embed.manifest.res
         Debug\Clock.obj
         Debug\ClockDlg.obj
         Debug\stdafx.obj
       Manifest:
         c:\Program Files (x86)\Microsoft SDKs\Windows\v7.0A\bin\mt.exe /nologo /verbose /out:"Debug\Clock.exe.embed.manifest" /manifest Debug\Clock.exe.intermediate.manifest c:\VC2010\VC\Include\Manifest\dpiaware.manifest
         所有输出均为最新。
       LinkEmbedManifest:
         所有输出均为最新。
         Clock.vcxproj -> C:\Users\applen\Desktop\Clock\Debug\Clock.exe
       FinalizeBuildStatus:
         正在删除文件“Debug\Clock.unsuccessfulbuild”。
         正在对“Debug\Clock.lastbuildstate”执行 Touch 任务。
     1>已完成生成项目“C:\Users\applen\Desktop\Clock\Clock\Clock.vcxproj”(build 个目标)的操作。

生成成功。

已用时间 00:00:00.76
